27/01/2026 23:18:31	Este registro contiene información acerca de la operación de importación del script 'script3.sql' en el proyecto 'NorthWindOLTP' del equipo 'DESKTOP-DE6AEBM' por el usuario 'Dell.
27/01/2026 23:18:31	Se inició la importación del archivo: C:\Users\Dell\Downloads\script3.sql 
27/01/2026 23:18:31	Nombre de archivo: C:\Users\Dell\Downloads\script3.sql (tamaño: 2741066)
27/01/2026 23:18:31	Analizando script de importación
27/01/2026 23:18:31	Número total de lotes en el script: 353
27/01/2026 23:18:31	Número total de instrucciones en el script: 99
27/01/2026 23:18:31	El script se importó correctamente en el proyecto.
27/01/2026 23:18:31	Analizando los objetos de esquema...
27/01/2026 23:18:31	Buscando elementos duplicados en el proyecto
27/01/2026 23:18:31	El elemento 'SalesByCategory' se combinó en el script existente: 'C:\Users\Dell\Desktop\04 Data Mangement and Business Intelligence\NorthWindG1\NorthWindG1\NorthWindOLTP\dbo\Stored Procedures\SalesByCategory.sql'.
27/01/2026 23:18:31	El elemento 'Sales by Year' se combinó en el script existente: 'C:\Users\Dell\Desktop\04 Data Mangement and Business Intelligence\NorthWindG1\NorthWindG1\NorthWindOLTP\dbo\Stored Procedures\Sales by Year.sql'.
27/01/2026 23:18:31	El elemento 'Ten Most Expensive Products' se combinó en el script existente: 'C:\Users\Dell\Desktop\04 Data Mangement and Business Intelligence\NorthWindG1\NorthWindG1\NorthWindOLTP\dbo\Stored Procedures\Ten Most Expensive Products.sql'.
27/01/2026 23:18:31	El elemento 'GetProductChangesByRowVersion' se combinó en el script existente: 'C:\Users\Dell\Desktop\04 Data Mangement and Business Intelligence\NorthWindG1\NorthWindG1\NorthWindOLTP\dbo\Stored Procedures\GetProductChangesByRowVersion.sql'.
27/01/2026 23:18:31	El elemento 'GetEmployeeChangesByRowVersion' se combinó en el script existente: 'C:\Users\Dell\Desktop\04 Data Mangement and Business Intelligence\NorthWindG1\NorthWindG1\NorthWindOLTP\dbo\Stored Procedures\GetEmployeeChangesByRowVersion.sql'.
27/01/2026 23:18:31	El elemento 'GetCustomerChangesByRowVersion' se combinó en el script existente: 'C:\Users\Dell\Desktop\04 Data Mangement and Business Intelligence\NorthWindG1\NorthWindG1\NorthWindOLTP\dbo\Stored Procedures\GetCustomerChangesByRowVersion.sql'.
27/01/2026 23:18:31	El elemento 'Employee Sales by Country' se combinó en el script existente: 'C:\Users\Dell\Desktop\04 Data Mangement and Business Intelligence\NorthWindG1\NorthWindG1\NorthWindOLTP\dbo\Stored Procedures\Employee Sales by Country.sql'.
27/01/2026 23:18:31	El elemento 'CustOrdersOrders' se combinó en el script existente: 'C:\Users\Dell\Desktop\04 Data Mangement and Business Intelligence\NorthWindG1\NorthWindG1\NorthWindOLTP\dbo\Stored Procedures\CustOrdersOrders.sql'.
27/01/2026 23:18:31	El elemento 'CustOrdersDetail' se combinó en el script existente: 'C:\Users\Dell\Desktop\04 Data Mangement and Business Intelligence\NorthWindG1\NorthWindG1\NorthWindOLTP\dbo\Stored Procedures\CustOrdersDetail.sql'.
27/01/2026 23:18:33	El elemento 'CustOrderHist' se combinó en el script existente: 'C:\Users\Dell\Desktop\04 Data Mangement and Business Intelligence\NorthWindG1\NorthWindG1\NorthWindOLTP\dbo\Stored Procedures\CustOrderHist.sql'.
27/01/2026 23:18:33	Ha finalizado el procesamiento de los elementos duplicados
27/01/2026 23:18:37	En el script que proporcionó para la operación de importación, no se comprendieron totalmente dos o más instrucciones. Estas instrucciones se movieron al archivo ScriptsIgnoredOnImport.sql. Revise el contenido del archivo para obtener más información.
27/01/2026 23:18:37	Se guardó un resumen de la importación en la siguiente ubicación: C:\Users\Dell\Desktop\04 Data Mangement and Business Intelligence\NorthWindG1\NorthWindG1\NorthWindOLTP\Registros de importación de scripts\script3_sql_20260128031831.log
27/01/2026 23:18:37	Haga clic en Finalizar para continuar...
