27/01/2026 23:15:40	Este registro contiene información acerca de la operación de importación del script 'script3.sql' en el proyecto 'NorthWindOLTP' del equipo 'DESKTOP-DE6AEBM' por el usuario 'Dell.
27/01/2026 23:15:40	Se inició la importación del archivo: C:\Users\Dell\Downloads\script3.sql 
27/01/2026 23:15:40	Nombre de archivo: C:\Users\Dell\Downloads\script3.sql (tamaño: 2741066)
27/01/2026 23:15:40	Analizando script de importación
27/01/2026 23:15:41	Número total de lotes en el script: 353
27/01/2026 23:15:41	Número total de instrucciones en el script: 99
27/01/2026 23:15:41	El script se importó correctamente en el proyecto.
27/01/2026 23:15:41	Analizando los objetos de esquema...
27/01/2026 23:15:41	Buscando elementos duplicados en el proyecto
27/01/2026 23:15:41	El elemento 'Customers' se combinó en el script existente: 'C:\Users\Dell\Desktop\04 Data Mangement and Business Intelligence\NorthWindG1\NorthWindG1\NorthWindOLTP\dbo\Tables\Customers.sql'.
27/01/2026 23:15:41	El elemento 'Suppliers' se combinó en el script existente: 'C:\Users\Dell\Desktop\04 Data Mangement and Business Intelligence\NorthWindG1\NorthWindG1\NorthWindOLTP\dbo\Tables\Suppliers.sql'.
27/01/2026 23:15:41	El elemento 'Categories' se combinó en el script existente: 'C:\Users\Dell\Desktop\04 Data Mangement and Business Intelligence\NorthWindG1\NorthWindG1\NorthWindOLTP\dbo\Tables\Categories.sql'.
27/01/2026 23:15:41	El elemento 'Products' se combinó en el script existente: 'C:\Users\Dell\Desktop\04 Data Mangement and Business Intelligence\NorthWindG1\NorthWindG1\NorthWindOLTP\dbo\Tables\Products.sql'.
27/01/2026 23:15:41	El elemento 'Orders' se combinó en el script existente: 'C:\Users\Dell\Desktop\04 Data Mangement and Business Intelligence\NorthWindG1\NorthWindG1\NorthWindOLTP\dbo\Tables\Orders.sql'.
27/01/2026 23:15:41	El elemento 'Employees' se combinó en el script existente: 'C:\Users\Dell\Desktop\04 Data Mangement and Business Intelligence\NorthWindG1\NorthWindG1\NorthWindOLTP\dbo\Tables\Employees.sql'.
27/01/2026 23:15:41	El elemento 'Shippers' se combinó en el script existente: 'C:\Users\Dell\Desktop\04 Data Mangement and Business Intelligence\NorthWindG1\NorthWindG1\NorthWindOLTP\dbo\Tables\Shippers.sql'.
27/01/2026 23:15:41	El elemento 'CustomerCustomerDemo' se combinó en el script existente: 'C:\Users\Dell\Desktop\04 Data Mangement and Business Intelligence\NorthWindG1\NorthWindG1\NorthWindOLTP\dbo\Tables\CustomerCustomerDemo.sql'.
27/01/2026 23:15:41	El elemento 'CustomerDemographics' se combinó en el script existente: 'C:\Users\Dell\Desktop\04 Data Mangement and Business Intelligence\NorthWindG1\NorthWindG1\NorthWindOLTP\dbo\Tables\CustomerDemographics.sql'.
27/01/2026 23:15:41	El elemento 'EmployeeTerritories' se combinó en el script existente: 'C:\Users\Dell\Desktop\04 Data Mangement and Business Intelligence\NorthWindG1\NorthWindG1\NorthWindOLTP\dbo\Tables\EmployeeTerritories.sql'.
27/01/2026 23:15:41	El elemento 'OrderDetails' se combinó en el script existente: 'C:\Users\Dell\Desktop\04 Data Mangement and Business Intelligence\NorthWindG1\NorthWindG1\NorthWindOLTP\dbo\Tables\OrderDetails.sql'.
27/01/2026 23:15:42	El elemento 'Region' se combinó en el script existente: 'C:\Users\Dell\Desktop\04 Data Mangement and Business Intelligence\NorthWindG1\NorthWindG1\NorthWindOLTP\dbo\Tables\Region.sql'.
27/01/2026 23:15:42	El elemento 'Territories' se combinó en el script existente: 'C:\Users\Dell\Desktop\04 Data Mangement and Business Intelligence\NorthWindG1\NorthWindG1\NorthWindOLTP\dbo\Tables\Territories.sql'.
27/01/2026 23:15:42	El elemento 'FK_CustomerCustomerDemo' se combinó en el script existente: 'C:\Users\Dell\Desktop\04 Data Mangement and Business Intelligence\NorthWindG1\NorthWindG1\NorthWindOLTP\dbo\Tables\CustomerCustomerDemo.sql'.
27/01/2026 23:15:42	El elemento 'FK_CustomerCustomerDemo_Customers' se combinó en el script existente: 'C:\Users\Dell\Desktop\04 Data Mangement and Business Intelligence\NorthWindG1\NorthWindG1\NorthWindOLTP\dbo\Tables\CustomerCustomerDemo.sql'.
27/01/2026 23:15:42	El elemento 'FK_Employees_Employees' se combinó en el script existente: 'C:\Users\Dell\Desktop\04 Data Mangement and Business Intelligence\NorthWindG1\NorthWindG1\NorthWindOLTP\dbo\Tables\Employees.sql'.
27/01/2026 23:15:42	El elemento 'FK_EmployeeTerritories_Employees' se combinó en el script existente: 'C:\Users\Dell\Desktop\04 Data Mangement and Business Intelligence\NorthWindG1\NorthWindG1\NorthWindOLTP\dbo\Tables\EmployeeTerritories.sql'.
27/01/2026 23:15:42	El elemento 'FK_EmployeeTerritories_Territories' se combinó en el script existente: 'C:\Users\Dell\Desktop\04 Data Mangement and Business Intelligence\NorthWindG1\NorthWindG1\NorthWindOLTP\dbo\Tables\EmployeeTerritories.sql'.
27/01/2026 23:15:42	El elemento 'FK_Order_Details_Orders' se combinó en el script existente: 'C:\Users\Dell\Desktop\04 Data Mangement and Business Intelligence\NorthWindG1\NorthWindG1\NorthWindOLTP\dbo\Tables\OrderDetails.sql'.
27/01/2026 23:15:42	El elemento 'FK_Order_Details_Products' se combinó en el script existente: 'C:\Users\Dell\Desktop\04 Data Mangement and Business Intelligence\NorthWindG1\NorthWindG1\NorthWindOLTP\dbo\Tables\OrderDetails.sql'.
27/01/2026 23:15:42	El elemento 'FK_Orders_Customers' se combinó en el script existente: 'C:\Users\Dell\Desktop\04 Data Mangement and Business Intelligence\NorthWindG1\NorthWindG1\NorthWindOLTP\dbo\Tables\Orders.sql'.
27/01/2026 23:15:42	El elemento 'FK_Orders_Employees' se combinó en el script existente: 'C:\Users\Dell\Desktop\04 Data Mangement and Business Intelligence\NorthWindG1\NorthWindG1\NorthWindOLTP\dbo\Tables\Orders.sql'.
27/01/2026 23:15:42	El elemento 'FK_Orders_Shippers' se combinó en el script existente: 'C:\Users\Dell\Desktop\04 Data Mangement and Business Intelligence\NorthWindG1\NorthWindG1\NorthWindOLTP\dbo\Tables\Orders.sql'.
27/01/2026 23:15:42	El elemento 'FK_Products_Categories' se combinó en el script existente: 'C:\Users\Dell\Desktop\04 Data Mangement and Business Intelligence\NorthWindG1\NorthWindG1\NorthWindOLTP\dbo\Tables\Products.sql'.
27/01/2026 23:15:42	El elemento 'FK_Products_Suppliers' se combinó en el script existente: 'C:\Users\Dell\Desktop\04 Data Mangement and Business Intelligence\NorthWindG1\NorthWindG1\NorthWindOLTP\dbo\Tables\Products.sql'.
27/01/2026 23:15:42	El elemento 'FK_Territories_Region' se combinó en el script existente: 'C:\Users\Dell\Desktop\04 Data Mangement and Business Intelligence\NorthWindG1\NorthWindG1\NorthWindOLTP\dbo\Tables\Territories.sql'.
27/01/2026 23:15:42	El elemento 'DF_Order_Details_UnitPrice' se combinó en el script existente: 'C:\Users\Dell\Desktop\04 Data Mangement and Business Intelligence\NorthWindG1\NorthWindG1\NorthWindOLTP\dbo\Tables\OrderDetails.sql'.
27/01/2026 23:15:42	El elemento 'DF_Order_Details_Quantity' se combinó en el script existente: 'C:\Users\Dell\Desktop\04 Data Mangement and Business Intelligence\NorthWindG1\NorthWindG1\NorthWindOLTP\dbo\Tables\OrderDetails.sql'.
27/01/2026 23:15:42	El elemento 'DF_Order_Details_Discount' se combinó en el script existente: 'C:\Users\Dell\Desktop\04 Data Mangement and Business Intelligence\NorthWindG1\NorthWindG1\NorthWindOLTP\dbo\Tables\OrderDetails.sql'.
27/01/2026 23:15:42	El elemento 'DF_Orders_Freight' se combinó en el script existente: 'C:\Users\Dell\Desktop\04 Data Mangement and Business Intelligence\NorthWindG1\NorthWindG1\NorthWindOLTP\dbo\Tables\Orders.sql'.
27/01/2026 23:15:42	El elemento 'DF_Products_UnitPrice' se combinó en el script existente: 'C:\Users\Dell\Desktop\04 Data Mangement and Business Intelligence\NorthWindG1\NorthWindG1\NorthWindOLTP\dbo\Tables\Products.sql'.
27/01/2026 23:15:42	El elemento 'DF_Products_UnitsInStock' se combinó en el script existente: 'C:\Users\Dell\Desktop\04 Data Mangement and Business Intelligence\NorthWindG1\NorthWindG1\NorthWindOLTP\dbo\Tables\Products.sql'.
27/01/2026 23:15:42	El elemento 'DF_Products_UnitsOnOrder' se combinó en el script existente: 'C:\Users\Dell\Desktop\04 Data Mangement and Business Intelligence\NorthWindG1\NorthWindG1\NorthWindOLTP\dbo\Tables\Products.sql'.
27/01/2026 23:15:42	El elemento 'DF_Products_ReorderLevel' se combinó en el script existente: 'C:\Users\Dell\Desktop\04 Data Mangement and Business Intelligence\NorthWindG1\NorthWindG1\NorthWindOLTP\dbo\Tables\Products.sql'.
27/01/2026 23:15:42	El elemento 'DF_Products_Discontinued' se combinó en el script existente: 'C:\Users\Dell\Desktop\04 Data Mangement and Business Intelligence\NorthWindG1\NorthWindG1\NorthWindOLTP\dbo\Tables\Products.sql'.
27/01/2026 23:15:42	El elemento 'CK_Birthdate' se combinó en el script existente: 'C:\Users\Dell\Desktop\04 Data Mangement and Business Intelligence\NorthWindG1\NorthWindG1\NorthWindOLTP\dbo\Tables\Employees.sql'.
27/01/2026 23:15:42	El elemento 'CK_Discount' se combinó en el script existente: 'C:\Users\Dell\Desktop\04 Data Mangement and Business Intelligence\NorthWindG1\NorthWindG1\NorthWindOLTP\dbo\Tables\OrderDetails.sql'.
27/01/2026 23:15:42	El elemento 'CK_Quantity' se combinó en el script existente: 'C:\Users\Dell\Desktop\04 Data Mangement and Business Intelligence\NorthWindG1\NorthWindG1\NorthWindOLTP\dbo\Tables\OrderDetails.sql'.
27/01/2026 23:15:42	El elemento 'CK_UnitPrice' se combinó en el script existente: 'C:\Users\Dell\Desktop\04 Data Mangement and Business Intelligence\NorthWindG1\NorthWindG1\NorthWindOLTP\dbo\Tables\OrderDetails.sql'.
27/01/2026 23:15:42	El elemento 'CK_Products_UnitPrice' se combinó en el script existente: 'C:\Users\Dell\Desktop\04 Data Mangement and Business Intelligence\NorthWindG1\NorthWindG1\NorthWindOLTP\dbo\Tables\Products.sql'.
27/01/2026 23:15:42	El elemento 'CK_ReorderLevel' se combinó en el script existente: 'C:\Users\Dell\Desktop\04 Data Mangement and Business Intelligence\NorthWindG1\NorthWindG1\NorthWindOLTP\dbo\Tables\Products.sql'.
27/01/2026 23:15:42	El elemento 'CK_UnitsInStock' se combinó en el script existente: 'C:\Users\Dell\Desktop\04 Data Mangement and Business Intelligence\NorthWindG1\NorthWindG1\NorthWindOLTP\dbo\Tables\Products.sql'.
27/01/2026 23:15:42	El elemento 'CK_UnitsOnOrder' se combinó en el script existente: 'C:\Users\Dell\Desktop\04 Data Mangement and Business Intelligence\NorthWindG1\NorthWindG1\NorthWindOLTP\dbo\Tables\Products.sql'.
27/01/2026 23:15:42	El elemento 'PK_CustomerCustomerDemo' se combinó en el script existente: 'C:\Users\Dell\Desktop\04 Data Mangement and Business Intelligence\NorthWindG1\NorthWindG1\NorthWindOLTP\dbo\Tables\CustomerCustomerDemo.sql'.
27/01/2026 23:15:42	El elemento 'PK_CustomerDemographics' se combinó en el script existente: 'C:\Users\Dell\Desktop\04 Data Mangement and Business Intelligence\NorthWindG1\NorthWindG1\NorthWindOLTP\dbo\Tables\CustomerDemographics.sql'.
27/01/2026 23:15:42	El elemento 'PK_EmployeeTerritories' se combinó en el script existente: 'C:\Users\Dell\Desktop\04 Data Mangement and Business Intelligence\NorthWindG1\NorthWindG1\NorthWindOLTP\dbo\Tables\EmployeeTerritories.sql'.
27/01/2026 23:15:42	El elemento 'PK_Region' se combinó en el script existente: 'C:\Users\Dell\Desktop\04 Data Mangement and Business Intelligence\NorthWindG1\NorthWindG1\NorthWindOLTP\dbo\Tables\Region.sql'.
27/01/2026 23:15:42	El elemento 'PK_Territories' se combinó en el script existente: 'C:\Users\Dell\Desktop\04 Data Mangement and Business Intelligence\NorthWindG1\NorthWindG1\NorthWindOLTP\dbo\Tables\Territories.sql'.
27/01/2026 23:15:42	Ha finalizado el procesamiento de los elementos duplicados
27/01/2026 23:15:43	En el script que proporcionó para la operación de importación, no se comprendieron totalmente dos o más instrucciones. Estas instrucciones se movieron al archivo ScriptsIgnoredOnImport.sql. Revise el contenido del archivo para obtener más información.
27/01/2026 23:15:43	Se guardó un resumen de la importación en la siguiente ubicación: C:\Users\Dell\Desktop\04 Data Mangement and Business Intelligence\NorthWindG1\NorthWindG1\NorthWindOLTP\Registros de importación de scripts\script3_sql_20260128031540.log
27/01/2026 23:15:43	Haga clic en Finalizar para continuar...
